2019-05-23 11:23:45 [INFO] - cmdCache size : 2
2019-05-23 15:45:08 [INFO] - cmdCache size : 2
2019-05-23 15:45:09 [INFO] - 启动服务器监听端口成功, port:7881
2019-05-23 15:45:15 [INFO] - [client] recieved a connector from /192.168.2.55:27341
2019-05-23 15:45:18 [ERROR] - 执行 command 异常, command : com.gene.cmd.HBAccountCmd@2e73b70a, packet : com.gene.message.PBMessage@5c41fd1d
com.huobi.client.exception.HuobiApiException: [Executing] api-signature-not-valid: Signature not valid: Incorrect Access key [Access key错误]
	at com.huobi.client.impl.RestApiInvoker.checkResponse(RestApiInvoker.java:34)
	at com.huobi.client.impl.RestApiInvoker.callSync(RestApiInvoker.java:76)
	at com.huobi.client.impl.AccountsInfoMap.updateUserInfo(AccountsInfoMap.java:15)
	at com.huobi.client.impl.HuobiApiInternalFactory.createAsyncRequestClient(HuobiApiInternalFactory.java:36)
	at com.huobi.client.AsyncRequestClient.create(AsyncRequestClient.java:439)
	at com.gene.cmd.HBAccountCmd.execute(HBAccountCmd.java:29)
	at com.gene.exec.CmdTask.run(CmdTask.java:43)
	at java.util.concurrent.ThreadPoolExecutor.runWorker(Unknown Source)
	at java.util.concurrent.ThreadPoolExecutor$Worker.run(Unknown Source)
	at java.lang.Thread.run(Unknown Source)
2019-05-23 15:45:52 [WARN] - An exceptionCaught() event was fired, and it reached at the tail of the pipeline. It usually means the last handler in the pipeline did not handle the exception.
java.io.IOException: 远程主机强迫关闭了一个现有的连接。
	at sun.nio.ch.SocketDispatcher.read0(Native Method)
	at sun.nio.ch.SocketDispatcher.read(Unknown Source)
	at sun.nio.ch.IOUtil.readIntoNativeBuffer(Unknown Source)
	at sun.nio.ch.IOUtil.read(Unknown Source)
	at sun.nio.ch.SocketChannelImpl.read(Unknown Source)
	at io.netty.buffer.PooledUnsafeDirectByteBuf.setBytes(PooledUnsafeDirectByteBuf.java:288)
	at io.netty.buffer.AbstractByteBuf.writeBytes(AbstractByteBuf.java:1125)
	at io.netty.channel.socket.nio.NioSocketChannel.doReadBytes(NioSocketChannel.java:347)
	at io.netty.channel.nio.AbstractNioByteChannel$NioByteUnsafe.read(AbstractNioByteChannel.java:148)
	at io.netty.channel.nio.NioEventLoop.processSelectedKey(NioEventLoop.java:682)
	at io.netty.channel.nio.NioEventLoop.processSelectedKeysOptimized(NioEventLoop.java:617)
	at io.netty.channel.nio.NioEventLoop.processSelectedKeys(NioEventLoop.java:534)
	at io.netty.channel.nio.NioEventLoop.run(NioEventLoop.java:496)
	at io.netty.util.concurrent.SingleThreadEventExecutor$5.run(SingleThreadEventExecutor.java:906)
	at io.netty.util.internal.ThreadExecutorMap$2.run(ThreadExecutorMap.java:74)
	at io.netty.util.concurrent.FastThreadLocalRunnable.run(FastThreadLocalRunnable.java:30)
	at java.lang.Thread.run(Unknown Source)
